<?xml version="1.0" encoding="UTF-8"?>
<!-- Generated by org.testng.reporters.JUnitXMLReporter -->
<testsuite hostname="IMPETUS-N475" ignored="0" name="Default test" tests="9" failures="0" timestamp="29 Apr 2019 11:19:58 GMT" time="113.758" errors="0">
  <testcase name="HomepageTitle" time="0.036" classname="Com.np.qa.Testcases.HomepageTest"/>
  <testcase name="Category1tiletitle" time="3.32" classname="Com.np.qa.Testcases.HomepageTest"/>
  <testcase name="Category2tiletitle" time="4.11" classname="Com.np.qa.Testcases.HomepageTest"/>
  <testcase name="Category3tiletitle" time="5.028" classname="Com.np.qa.Testcases.HomepageTest"/>
  <testcase name="Category4tiletitle" time="3.368" classname="Com.np.qa.Testcases.HomepageTest"/>
  <testcase name="Category5tiletitle" time="1.006" classname="Com.np.qa.Testcases.HomepageTest"/>
  <testcase name="Category6tiletitle" time="0.988" classname="Com.np.qa.Testcases.HomepageTest"/>
  <testcase name="Category7tiletitle" time="0.998" classname="Com.np.qa.Testcases.HomepageTest"/>
  <testcase name="Category8tiletitle" time="4.136" classname="Com.np.qa.Testcases.HomepageTest"/>
</testsuite> <!-- Default test -->
